23/04/2013 15:34:22 - New match 11348965 has started
23/04/2013 15:36:04 - Roman killed Nick using M16
23/04/2013 15:36:04 - Pablo killed Roman using Granada
23/04/2013 15:36:33 - <WORLD> killed Nick by DROWN
23/04/2013 15:36:04 - Nick killed Brian using Knife
23/04/2013 15:36:33 - <WORLD> killed Brian by DROWN
23/04/2013 15:36:04 - Brian killed Nick using Knife
23/04/2013 15:36:04 - Pablo killed Barack using Granada
23/04/2013 15:36:33 - <WORLD> killed Pablo by DROWN
23/04/2013 15:36:04 - Brian killed Roman using Pistol
23/04/2013 15:36:33 - <WORLD> killed Roman by DROWN
23/04/2013 15:36:04 - Roman killed Nick using Pistol
23/04/2013 15:36:33 - <WORLD> killed Brian by DROWN
23/04/2013 15:36:04 - Barack killed Pablo using Pistol
23/04/2013 15:36:33 - <WORLD> killed Nick by DROWN
23/04/2013 15:39:22 - Match 11348965 has ended
23/04/2013 15:34:22 - New match 11348965 has started
23/04/2013 15:36:04 - Nick killed Brian using Knife
23/04/2013 15:36:33 - <WORLD> killed Roman by DROWN
23/04/2013 15:36:04 - Brian killed Roman using Pistol
23/04/2013 15:36:33 - <WORLD> killed Roman by DROWN
23/04/2013 15:36:04 - Brian killed Roman using Pistol
23/04/2013 15:36:33 - <WORLD> killed Brian by DROWN
23/04/2013 15:36:04 - Nick killed Brian using Pistol
23/04/2013 15:36:33 - Brian killed Nick using Knife
23/04/2013 15:39:22 - Match 11348965 has ended
23/04/2013 15:34:22 - New match 11348965 has started
23/04/2013 15:36:04 - Nick killed Brian using Knife
23/04/2013 15:36:33 - <WORLD> killed Nick by DROWN
23/04/2013 15:36:04 - Brian killed Roman using Pistol
23/04/2013 15:36:33 - <WORLD> killed Brian by DROWN
23/04/2013 15:36:04 - Roman killed Brian using Pistol
23/04/2013 15:36:33 - <WORLD> killed Brian by DROWN
23/04/2013 15:36:04 - Brian killed Nick using Pistol
23/04/2013 15:36:33 - Brian killed Roman using Knife
23/04/2013 15:39:22 - Match 11348965 has ended